<?xml version="1.0" encoding="UTF-8"?>
<testng-results ignored="0" total="1" passed="1" failed="0" skipped="0">
  <reporter-output>
  </reporter-output>
  <suite started-at="2023-06-16T20:47:15 IST" name="Default suite" finished-at="2023-06-16T20:47:15 IST" duration-ms="64">
    <groups>
    </groups>
    <test started-at="2023-06-16T20:47:15 IST" name="Default test" finished-at="2023-06-16T20:47:15 IST" duration-ms="64">
      <class name="Testng.Testngdemo">
        <test-method signature="test()[pri:0, instance:Testng.Testngdemo@60bd273d]" started-at="2023-06-16T20:47:15 IST" name="test" finished-at="2023-06-16T20:47:15 IST" duration-ms="11" status="PASS">
          <reporter-output>
          </reporter-output>
        </test-method> <!-- test -->
      </class> <!-- Testng.Testngdemo -->
    </test> <!-- Default test -->
  </suite> <!-- Default suite -->
</testng-results>
